<?xml version="1.0" encoding="UTF-8"?>
<!-- Generated by org.testng.reporters.JUnitReportReporter -->
<testsuite skipped="0" hostname="Adhrith" name="TC006" tests="1" failures="0" timestamp="01 Jul 2019 11:34:53 GMT" time="2.911" errors="0">
  <testcase name="getJsonDetails" time="2.911" classname="TC006"/>
</testsuite> <!-- TC006 -->
