<?xml version="1.0" encoding="UTF-8"?>
<!-- Generated by org.testng.reporters.JUnitReportReporter -->
<testsuite skipped="0" hostname="Adhrith" name="TC003" tests="1" failures="0" timestamp="01 Jul 2019 10:27:17 GMT" time="1.892" errors="0">
  <testcase name="googleMapTest" time="1.892" classname="TC003"/>
</testsuite> <!-- TC003 -->
