<?xml version="1.0" encoding="UTF-8"?>
<!-- Generated by org.testng.reporters.JUnitReportReporter -->
<testsuite skipped="0" hostname="Adhrith" name="TC001" tests="1" failures="0" timestamp="02 Jul 2019 19:35:33 GMT" time="2.422" errors="0">
  <testcase name="getWeatherDetails" time="2.422" classname="TC001"/>
</testsuite> <!-- TC001 -->
